[2022-03-21 09:22:23,664] {manager.py:514} INFO - Processing files using up to 2 processes at a time 
[2022-03-21 09:22:23,665] {manager.py:515} INFO - Process each file at most once every 30 seconds
[2022-03-21 09:22:23,667] {manager.py:517} INFO - Checking for new files in /opt/airflow/dags every 300 seconds
[2022-03-21 09:22:23,670] {manager.py:663} INFO - Searching for files in /opt/airflow/dags
[2022-03-21 09:22:23,674] {manager.py:666} INFO - There are 0 files in /opt/airflow/dags
[2022-03-21 09:22:23,717] {manager.py:1065} INFO - Finding 'running' jobs without a recent heartbeat
[2022-03-21 09:22:23,719] {manager.py:1069} INFO - Failing jobs without heartbeat after 2022-03-21 09:17:23.719447+00:00
[2022-03-21 09:22:34,709] {manager.py:1065} INFO - Finding 'running' jobs without a recent heartbeat
[2022-03-21 09:22:34,711] {manager.py:1069} INFO - Failing jobs without heartbeat after 2022-03-21 09:17:34.711280+00:00
[2022-03-21 09:22:44,762] {manager.py:1065} INFO - Finding 'running' jobs without a recent heartbeat
[2022-03-21 09:22:44,765] {manager.py:1069} INFO - Failing jobs without heartbeat after 2022-03-21 09:17:44.765199+00:00
[2022-03-21 09:22:54,804] {manager.py:1065} INFO - Finding 'running' jobs without a recent heartbeat
[2022-03-21 09:22:54,806] {manager.py:1069} INFO - Failing jobs without heartbeat after 2022-03-21 09:17:54.806733+00:00
[2022-03-21 09:23:05,816] {manager.py:1065} INFO - Finding 'running' jobs without a recent heartbeat
[2022-03-21 09:23:05,819] {manager.py:1069} INFO - Failing jobs without heartbeat after 2022-03-21 09:18:05.819906+00:00
[2022-03-21 09:23:15,865] {manager.py:1065} INFO - Finding 'running' jobs without a recent heartbeat
[2022-03-21 09:23:15,872] {manager.py:1069} INFO - Failing jobs without heartbeat after 2022-03-21 09:18:15.872582+00:00
[2022-03-21 09:23:25,891] {manager.py:1065} INFO - Finding 'running' jobs without a recent heartbeat
[2022-03-21 09:23:25,893] {manager.py:1069} INFO - Failing jobs without heartbeat after 2022-03-21 09:18:25.893544+00:00
[2022-03-21 09:23:35,931] {manager.py:1065} INFO - Finding 'running' jobs without a recent heartbeat
[2022-03-21 09:23:35,934] {manager.py:1069} INFO - Failing jobs without heartbeat after 2022-03-21 09:18:35.934439+00:00
[2022-03-21 09:23:45,971] {manager.py:1065} INFO - Finding 'running' jobs without a recent heartbeat
[2022-03-21 09:23:45,975] {manager.py:1069} INFO - Failing jobs without heartbeat after 2022-03-21 09:18:45.975015+00:00
[2022-03-21 09:23:56,203] {manager.py:1065} INFO - Finding 'running' jobs without a recent heartbeat
[2022-03-21 09:23:56,207] {manager.py:1069} INFO - Failing jobs without heartbeat after 2022-03-21 09:18:56.207015+00:00
[2022-03-21 09:24:06,272] {manager.py:1065} INFO - Finding 'running' jobs without a recent heartbeat
[2022-03-21 09:24:06,274] {manager.py:1069} INFO - Failing jobs without heartbeat after 2022-03-21 09:19:06.274797+00:00
[2022-03-21 09:24:16,549] {manager.py:1065} INFO - Finding 'running' jobs without a recent heartbeat
[2022-03-21 09:24:16,553] {manager.py:1069} INFO - Failing jobs without heartbeat after 2022-03-21 09:19:16.553540+00:00
[2022-03-21 09:35:54,438] {manager.py:663} INFO - Searching for files in /opt/airflow/dags
[2022-03-21 09:35:54,445] {manager.py:666} INFO - There are 0 files in /opt/airflow/dags
[2022-03-21 09:35:54,477] {manager.py:1065} INFO - Finding 'running' jobs without a recent heartbeat
[2022-03-21 09:35:54,481] {manager.py:1069} INFO - Failing jobs without heartbeat after 2022-03-21 09:30:54.480921+00:00
[2022-03-21 09:36:04,538] {manager.py:1065} INFO - Finding 'running' jobs without a recent heartbeat
[2022-03-21 09:36:04,540] {manager.py:1069} INFO - Failing jobs without heartbeat after 2022-03-21 09:31:04.540484+00:00
[2022-03-21 09:36:14,579] {manager.py:1065} INFO - Finding 'running' jobs without a recent heartbeat
[2022-03-21 09:36:14,583] {manager.py:1069} INFO - Failing jobs without heartbeat after 2022-03-21 09:31:14.583466+00:00
[2022-03-21 09:36:23,901] {manager.py:495} INFO - Exiting gracefully upon receiving signal 15
[2022-03-21 09:57:29,835] {manager.py:514} INFO - Processing files using up to 2 processes at a time 
[2022-03-21 09:57:29,837] {manager.py:515} INFO - Process each file at most once every 30 seconds
[2022-03-21 09:57:29,839] {manager.py:517} INFO - Checking for new files in /opt/airflow/dags every 300 seconds
[2022-03-21 09:57:29,841] {manager.py:663} INFO - Searching for files in /opt/airflow/dags
[2022-03-21 09:57:29,845] {manager.py:666} INFO - There are 0 files in /opt/airflow/dags
[2022-03-21 09:57:29,887] {manager.py:1065} INFO - Finding 'running' jobs without a recent heartbeat
[2022-03-21 09:57:29,889] {manager.py:1069} INFO - Failing jobs without heartbeat after 2022-03-21 09:52:29.889481+00:00
[2022-03-21 09:57:39,924] {manager.py:1065} INFO - Finding 'running' jobs without a recent heartbeat
[2022-03-21 09:57:39,926] {manager.py:1069} INFO - Failing jobs without heartbeat after 2022-03-21 09:52:39.926495+00:00
[2022-03-21 09:57:49,941] {manager.py:1065} INFO - Finding 'running' jobs without a recent heartbeat
[2022-03-21 09:57:49,944] {manager.py:1069} INFO - Failing jobs without heartbeat after 2022-03-21 09:52:49.944351+00:00
[2022-03-21 09:58:00,954] {manager.py:1065} INFO - Finding 'running' jobs without a recent heartbeat
[2022-03-21 09:58:00,958] {manager.py:1069} INFO - Failing jobs without heartbeat after 2022-03-21 09:53:00.958568+00:00
[2022-03-21 09:58:10,996] {manager.py:1065} INFO - Finding 'running' jobs without a recent heartbeat
[2022-03-21 09:58:10,999] {manager.py:1069} INFO - Failing jobs without heartbeat after 2022-03-21 09:53:10.999948+00:00
[2022-03-21 09:58:21,045] {manager.py:1065} INFO - Finding 'running' jobs without a recent heartbeat
[2022-03-21 09:58:21,048] {manager.py:1069} INFO - Failing jobs without heartbeat after 2022-03-21 09:53:21.048589+00:00
[2022-03-21 09:58:31,059] {manager.py:1065} INFO - Finding 'running' jobs without a recent heartbeat
[2022-03-21 09:58:31,062] {manager.py:1069} INFO - Failing jobs without heartbeat after 2022-03-21 09:53:31.062026+00:00
[2022-03-21 09:58:41,097] {manager.py:1065} INFO - Finding 'running' jobs without a recent heartbeat
[2022-03-21 09:58:41,101] {manager.py:1069} INFO - Failing jobs without heartbeat after 2022-03-21 09:53:41.101470+00:00
[2022-03-21 09:58:51,145] {manager.py:1065} INFO - Finding 'running' jobs without a recent heartbeat
[2022-03-21 09:58:51,148] {manager.py:1069} INFO - Failing jobs without heartbeat after 2022-03-21 09:53:51.148564+00:00
[2022-03-21 09:59:02,160] {manager.py:1065} INFO - Finding 'running' jobs without a recent heartbeat
[2022-03-21 09:59:02,164] {manager.py:1069} INFO - Failing jobs without heartbeat after 2022-03-21 09:54:02.164336+00:00
[2022-03-21 09:59:12,208] {manager.py:1065} INFO - Finding 'running' jobs without a recent heartbeat
[2022-03-21 09:59:12,210] {manager.py:1069} INFO - Failing jobs without heartbeat after 2022-03-21 09:54:12.210918+00:00
[2022-03-21 09:59:22,250] {manager.py:1065} INFO - Finding 'running' jobs without a recent heartbeat
[2022-03-21 09:59:22,254] {manager.py:1069} INFO - Failing jobs without heartbeat after 2022-03-21 09:54:22.254218+00:00
[2022-03-21 09:59:33,197] {manager.py:1065} INFO - Finding 'running' jobs without a recent heartbeat
[2022-03-21 09:59:33,200] {manager.py:1069} INFO - Failing jobs without heartbeat after 2022-03-21 09:54:33.199973+00:00
[2022-03-21 09:59:43,240] {manager.py:1065} INFO - Finding 'running' jobs without a recent heartbeat
[2022-03-21 09:59:43,244] {manager.py:1069} INFO - Failing jobs without heartbeat after 2022-03-21 09:54:43.244814+00:00
[2022-03-21 09:59:54,248] {manager.py:1065} INFO - Finding 'running' jobs without a recent heartbeat
[2022-03-21 09:59:54,250] {manager.py:1069} INFO - Failing jobs without heartbeat after 2022-03-21 09:54:54.250896+00:00
[2022-03-21 10:00:04,294] {manager.py:1065} INFO - Finding 'running' jobs without a recent heartbeat
[2022-03-21 10:00:04,296] {manager.py:1069} INFO - Failing jobs without heartbeat after 2022-03-21 09:55:04.296908+00:00
[2022-03-21 10:00:14,336] {manager.py:1065} INFO - Finding 'running' jobs without a recent heartbeat
[2022-03-21 10:00:14,340] {manager.py:1069} INFO - Failing jobs without heartbeat after 2022-03-21 09:55:14.339954+00:00
[2022-03-21 10:00:25,341] {manager.py:1065} INFO - Finding 'running' jobs without a recent heartbeat
[2022-03-21 10:00:25,345] {manager.py:1069} INFO - Failing jobs without heartbeat after 2022-03-21 09:55:25.344993+00:00
[2022-03-21 10:00:35,382] {manager.py:1065} INFO - Finding 'running' jobs without a recent heartbeat
[2022-03-21 10:00:35,385] {manager.py:1069} INFO - Failing jobs without heartbeat after 2022-03-21 09:55:35.385305+00:00
[2022-03-21 10:00:45,430] {manager.py:1065} INFO - Finding 'running' jobs without a recent heartbeat
[2022-03-21 10:00:45,432] {manager.py:1069} INFO - Failing jobs without heartbeat after 2022-03-21 09:55:45.432379+00:00
[2022-03-21 10:00:55,448] {manager.py:1065} INFO - Finding 'running' jobs without a recent heartbeat
[2022-03-21 10:00:55,451] {manager.py:1069} INFO - Failing jobs without heartbeat after 2022-03-21 09:55:55.450958+00:00
[2022-03-21 10:01:05,494] {manager.py:1065} INFO - Finding 'running' jobs without a recent heartbeat
[2022-03-21 10:01:05,497] {manager.py:1069} INFO - Failing jobs without heartbeat after 2022-03-21 09:56:05.497045+00:00
[2022-03-21 10:01:15,532] {manager.py:1065} INFO - Finding 'running' jobs without a recent heartbeat
[2022-03-21 10:01:15,535] {manager.py:1069} INFO - Failing jobs without heartbeat after 2022-03-21 09:56:15.535893+00:00
[2022-03-21 10:01:26,548] {manager.py:1065} INFO - Finding 'running' jobs without a recent heartbeat
[2022-03-21 10:01:26,551] {manager.py:1069} INFO - Failing jobs without heartbeat after 2022-03-21 09:56:26.551638+00:00
[2022-03-21 10:01:36,609] {manager.py:1065} INFO - Finding 'running' jobs without a recent heartbeat
[2022-03-21 10:01:36,611] {manager.py:1069} INFO - Failing jobs without heartbeat after 2022-03-21 09:56:36.611789+00:00
[2022-03-21 10:01:46,652] {manager.py:1065} INFO - Finding 'running' jobs without a recent heartbeat
[2022-03-21 10:01:46,656] {manager.py:1069} INFO - Failing jobs without heartbeat after 2022-03-21 09:56:46.655976+00:00
[2022-03-21 10:01:56,666] {manager.py:1065} INFO - Finding 'running' jobs without a recent heartbeat
[2022-03-21 10:01:56,670] {manager.py:1069} INFO - Failing jobs without heartbeat after 2022-03-21 09:56:56.670352+00:00
[2022-03-21 10:02:06,721] {manager.py:1065} INFO - Finding 'running' jobs without a recent heartbeat
[2022-03-21 10:02:06,724] {manager.py:1069} INFO - Failing jobs without heartbeat after 2022-03-21 09:57:06.724315+00:00
[2022-03-21 10:02:16,772] {manager.py:1065} INFO - Finding 'running' jobs without a recent heartbeat
[2022-03-21 10:02:16,776] {manager.py:1069} INFO - Failing jobs without heartbeat after 2022-03-21 09:57:16.776549+00:00
[2022-03-21 10:02:27,786] {manager.py:1065} INFO - Finding 'running' jobs without a recent heartbeat
[2022-03-21 10:02:27,788] {manager.py:1069} INFO - Failing jobs without heartbeat after 2022-03-21 09:57:27.788233+00:00
[2022-03-21 10:02:30,805] {manager.py:663} INFO - Searching for files in /opt/airflow/dags
[2022-03-21 10:02:30,811] {manager.py:666} INFO - There are 0 files in /opt/airflow/dags
[2022-03-21 10:02:37,853] {manager.py:1065} INFO - Finding 'running' jobs without a recent heartbeat
[2022-03-21 10:02:37,855] {manager.py:1069} INFO - Failing jobs without heartbeat after 2022-03-21 09:57:37.855769+00:00
[2022-03-21 10:02:47,898] {manager.py:1065} INFO - Finding 'running' jobs without a recent heartbeat
[2022-03-21 10:02:47,901] {manager.py:1069} INFO - Failing jobs without heartbeat after 2022-03-21 09:57:47.901547+00:00
[2022-03-21 10:02:57,917] {manager.py:1065} INFO - Finding 'running' jobs without a recent heartbeat
[2022-03-21 10:02:57,921] {manager.py:1069} INFO - Failing jobs without heartbeat after 2022-03-21 09:57:57.921563+00:00
[2022-03-21 10:03:07,966] {manager.py:1065} INFO - Finding 'running' jobs without a recent heartbeat
[2022-03-21 10:03:07,968] {manager.py:1069} INFO - Failing jobs without heartbeat after 2022-03-21 09:58:07.968545+00:00
[2022-03-21 10:03:17,999] {manager.py:1065} INFO - Finding 'running' jobs without a recent heartbeat
[2022-03-21 10:03:18,003] {manager.py:1069} INFO - Failing jobs without heartbeat after 2022-03-21 09:58:18.003507+00:00
[2022-03-21 10:03:28,012] {manager.py:1065} INFO - Finding 'running' jobs without a recent heartbeat
[2022-03-21 10:03:28,015] {manager.py:1069} INFO - Failing jobs without heartbeat after 2022-03-21 09:58:28.015564+00:00
[2022-03-21 10:03:38,040] {manager.py:1065} INFO - Finding 'running' jobs without a recent heartbeat
[2022-03-21 10:03:38,043] {manager.py:1069} INFO - Failing jobs without heartbeat after 2022-03-21 09:58:38.043168+00:00
[2022-03-21 10:03:48,090] {manager.py:1065} INFO - Finding 'running' jobs without a recent heartbeat
[2022-03-21 10:03:48,092] {manager.py:1069} INFO - Failing jobs without heartbeat after 2022-03-21 09:58:48.092364+00:00
[2022-03-21 10:03:58,104] {manager.py:1065} INFO - Finding 'running' jobs without a recent heartbeat
[2022-03-21 10:03:58,107] {manager.py:1069} INFO - Failing jobs without heartbeat after 2022-03-21 09:58:58.107358+00:00
[2022-03-21 10:04:08,160] {manager.py:1065} INFO - Finding 'running' jobs without a recent heartbeat
[2022-03-21 10:04:08,164] {manager.py:1069} INFO - Failing jobs without heartbeat after 2022-03-21 09:59:08.164074+00:00
[2022-03-21 10:04:18,205] {manager.py:1065} INFO - Finding 'running' jobs without a recent heartbeat
[2022-03-21 10:04:18,209] {manager.py:1069} INFO - Failing jobs without heartbeat after 2022-03-21 09:59:18.209530+00:00
[2022-03-21 10:04:28,223] {manager.py:1065} INFO - Finding 'running' jobs without a recent heartbeat
[2022-03-21 10:04:28,226] {manager.py:1069} INFO - Failing jobs without heartbeat after 2022-03-21 09:59:28.226262+00:00
[2022-03-21 10:04:38,274] {manager.py:1065} INFO - Finding 'running' jobs without a recent heartbeat
[2022-03-21 10:04:38,277] {manager.py:1069} INFO - Failing jobs without heartbeat after 2022-03-21 09:59:38.277153+00:00
[2022-03-21 10:04:48,311] {manager.py:1065} INFO - Finding 'running' jobs without a recent heartbeat
[2022-03-21 10:04:48,314] {manager.py:1069} INFO - Failing jobs without heartbeat after 2022-03-21 09:59:48.314348+00:00
[2022-03-21 10:04:55,726] {manager.py:495} INFO - Exiting gracefully upon receiving signal 15
[2022-03-21 11:13:30,307] {manager.py:514} INFO - Processing files using up to 2 processes at a time 
[2022-03-21 11:13:30,308] {manager.py:515} INFO - Process each file at most once every 30 seconds
[2022-03-21 11:13:30,311] {manager.py:516} INFO - Checking for new files in /opt/airflow/dags every 300 seconds
[2022-03-21 11:13:30,314] {manager.py:663} INFO - Searching for files in /opt/airflow/dags
[2022-03-21 11:13:30,319] {manager.py:666} INFO - There are 0 files in /opt/airflow/dags
[2022-03-21 11:13:30,382] {manager.py:1065} INFO - Finding 'running' jobs without a recent heartbeat
[2022-03-21 11:13:30,385] {manager.py:1069} INFO - Failing jobs without heartbeat after 2022-03-21 11:08:30.385682+00:00
[2022-03-21 11:13:41,375] {manager.py:1065} INFO - Finding 'running' jobs without a recent heartbeat
[2022-03-21 11:13:41,377] {manager.py:1069} INFO - Failing jobs without heartbeat after 2022-03-21 11:08:41.377216+00:00
[2022-03-21 11:13:51,412] {manager.py:1065} INFO - Finding 'running' jobs without a recent heartbeat
[2022-03-21 11:13:51,415] {manager.py:1069} INFO - Failing jobs without heartbeat after 2022-03-21 11:08:51.415900+00:00
[2022-03-21 11:14:01,480] {manager.py:1065} INFO - Finding 'running' jobs without a recent heartbeat
[2022-03-21 11:14:01,483] {manager.py:1069} INFO - Failing jobs without heartbeat after 2022-03-21 11:09:01.483943+00:00
[2022-03-21 11:14:11,495] {manager.py:1065} INFO - Finding 'running' jobs without a recent heartbeat
[2022-03-21 11:14:11,497] {manager.py:1069} INFO - Failing jobs without heartbeat after 2022-03-21 11:09:11.497705+00:00
[2022-03-21 11:14:21,529] {manager.py:1065} INFO - Finding 'running' jobs without a recent heartbeat
[2022-03-21 11:14:21,533] {manager.py:1069} INFO - Failing jobs without heartbeat after 2022-03-21 11:09:21.532979+00:00
[2022-03-21 11:14:31,608] {manager.py:1065} INFO - Finding 'running' jobs without a recent heartbeat
[2022-03-21 11:14:31,611] {manager.py:1069} INFO - Failing jobs without heartbeat after 2022-03-21 11:09:31.611700+00:00
[2022-03-21 11:14:42,624] {manager.py:1065} INFO - Finding 'running' jobs without a recent heartbeat
[2022-03-21 11:14:42,628] {manager.py:1069} INFO - Failing jobs without heartbeat after 2022-03-21 11:09:42.628719+00:00
[2022-03-21 11:14:52,670] {manager.py:1065} INFO - Finding 'running' jobs without a recent heartbeat
[2022-03-21 11:14:52,673] {manager.py:1069} INFO - Failing jobs without heartbeat after 2022-03-21 11:09:52.673766+00:00
[2022-03-21 11:15:02,722] {manager.py:1065} INFO - Finding 'running' jobs without a recent heartbeat
[2022-03-21 11:15:02,725] {manager.py:1069} INFO - Failing jobs without heartbeat after 2022-03-21 11:10:02.725690+00:00
[2022-03-21 11:15:12,738] {manager.py:1065} INFO - Finding 'running' jobs without a recent heartbeat
[2022-03-21 11:15:12,741] {manager.py:1069} INFO - Failing jobs without heartbeat after 2022-03-21 11:10:12.741499+00:00
[2022-03-21 11:15:22,785] {manager.py:1065} INFO - Finding 'running' jobs without a recent heartbeat
[2022-03-21 11:15:22,787] {manager.py:1069} INFO - Failing jobs without heartbeat after 2022-03-21 11:10:22.787402+00:00
[2022-03-21 11:15:32,822] {manager.py:1065} INFO - Finding 'running' jobs without a recent heartbeat
[2022-03-21 11:15:32,826] {manager.py:1069} INFO - Failing jobs without heartbeat after 2022-03-21 11:10:32.826120+00:00
[2022-03-21 11:15:42,837] {manager.py:1065} INFO - Finding 'running' jobs without a recent heartbeat
[2022-03-21 11:15:42,839] {manager.py:1069} INFO - Failing jobs without heartbeat after 2022-03-21 11:10:42.839241+00:00
[2022-03-21 11:15:52,882] {manager.py:1065} INFO - Finding 'running' jobs without a recent heartbeat
[2022-03-21 11:15:52,886] {manager.py:1069} INFO - Failing jobs without heartbeat after 2022-03-21 11:10:52.886432+00:00
[2022-03-21 11:16:02,926] {manager.py:1065} INFO - Finding 'running' jobs without a recent heartbeat
[2022-03-21 11:16:02,930] {manager.py:1069} INFO - Failing jobs without heartbeat after 2022-03-21 11:11:02.930880+00:00
[2022-03-21 11:16:13,936] {manager.py:1065} INFO - Finding 'running' jobs without a recent heartbeat
[2022-03-21 11:16:13,938] {manager.py:1069} INFO - Failing jobs without heartbeat after 2022-03-21 11:11:13.938612+00:00
[2022-03-21 11:16:23,975] {manager.py:1065} INFO - Finding 'running' jobs without a recent heartbeat
[2022-03-21 11:16:23,979] {manager.py:1069} INFO - Failing jobs without heartbeat after 2022-03-21 11:11:23.979117+00:00
[2022-03-21 11:16:33,991] {manager.py:1065} INFO - Finding 'running' jobs without a recent heartbeat
[2022-03-21 11:16:33,994] {manager.py:1069} INFO - Failing jobs without heartbeat after 2022-03-21 11:11:33.994610+00:00
[2022-03-21 11:16:44,037] {manager.py:1065} INFO - Finding 'running' jobs without a recent heartbeat
[2022-03-21 11:16:44,041] {manager.py:1069} INFO - Failing jobs without heartbeat after 2022-03-21 11:11:44.041010+00:00
[2022-03-21 11:16:54,087] {manager.py:1065} INFO - Finding 'running' jobs without a recent heartbeat
[2022-03-21 11:16:54,091] {manager.py:1069} INFO - Failing jobs without heartbeat after 2022-03-21 11:11:54.091601+00:00
[2022-03-21 11:17:05,097] {manager.py:1065} INFO - Finding 'running' jobs without a recent heartbeat
[2022-03-21 11:17:05,100] {manager.py:1069} INFO - Failing jobs without heartbeat after 2022-03-21 11:12:05.100006+00:00
[2022-03-21 11:17:15,146] {manager.py:1065} INFO - Finding 'running' jobs without a recent heartbeat
[2022-03-21 11:17:15,149] {manager.py:1069} INFO - Failing jobs without heartbeat after 2022-03-21 11:12:15.149524+00:00
[2022-03-21 11:17:25,193] {manager.py:1065} INFO - Finding 'running' jobs without a recent heartbeat
[2022-03-21 11:17:25,198] {manager.py:1069} INFO - Failing jobs without heartbeat after 2022-03-21 11:12:25.198684+00:00
[2022-03-21 11:17:35,207] {manager.py:1065} INFO - Finding 'running' jobs without a recent heartbeat
[2022-03-21 11:17:35,213] {manager.py:1069} INFO - Failing jobs without heartbeat after 2022-03-21 11:12:35.213299+00:00
[2022-03-21 11:17:45,240] {manager.py:1065} INFO - Finding 'running' jobs without a recent heartbeat
[2022-03-21 11:17:45,243] {manager.py:1069} INFO - Failing jobs without heartbeat after 2022-03-21 11:12:45.243675+00:00
[2022-03-21 11:17:55,285] {manager.py:1065} INFO - Finding 'running' jobs without a recent heartbeat
[2022-03-21 11:17:55,289] {manager.py:1069} INFO - Failing jobs without heartbeat after 2022-03-21 11:12:55.289658+00:00
[2022-03-21 11:18:05,311] {manager.py:1065} INFO - Finding 'running' jobs without a recent heartbeat
[2022-03-21 11:18:05,315] {manager.py:1069} INFO - Failing jobs without heartbeat after 2022-03-21 11:13:05.315520+00:00
[2022-03-21 11:18:15,405] {manager.py:1065} INFO - Finding 'running' jobs without a recent heartbeat
[2022-03-21 11:18:15,409] {manager.py:1069} INFO - Failing jobs without heartbeat after 2022-03-21 11:13:15.409607+00:00
[2022-03-21 11:18:25,452] {manager.py:1065} INFO - Finding 'running' jobs without a recent heartbeat
[2022-03-21 11:18:25,456] {manager.py:1069} INFO - Failing jobs without heartbeat after 2022-03-21 11:13:25.456571+00:00
[2022-03-21 11:18:30,486] {manager.py:663} INFO - Searching for files in /opt/airflow/dags
[2022-03-21 11:18:30,494] {manager.py:666} INFO - There are 0 files in /opt/airflow/dags
[2022-03-21 11:18:35,490] {manager.py:1065} INFO - Finding 'running' jobs without a recent heartbeat
[2022-03-21 11:18:35,494] {manager.py:1069} INFO - Failing jobs without heartbeat after 2022-03-21 11:13:35.494642+00:00
[2022-03-21 11:18:45,532] {manager.py:1065} INFO - Finding 'running' jobs without a recent heartbeat
[2022-03-21 11:18:45,536] {manager.py:1069} INFO - Failing jobs without heartbeat after 2022-03-21 11:13:45.536158+00:00
[2022-03-21 11:18:55,570] {manager.py:1065} INFO - Finding 'running' jobs without a recent heartbeat
[2022-03-21 11:18:55,573] {manager.py:1069} INFO - Failing jobs without heartbeat after 2022-03-21 11:13:55.573327+00:00
[2022-03-21 11:19:06,574] {manager.py:1065} INFO - Finding 'running' jobs without a recent heartbeat
[2022-03-21 11:19:06,577] {manager.py:1069} INFO - Failing jobs without heartbeat after 2022-03-21 11:14:06.577936+00:00
[2022-03-21 11:19:16,614] {manager.py:1065} INFO - Finding 'running' jobs without a recent heartbeat
[2022-03-21 11:19:16,617] {manager.py:1069} INFO - Failing jobs without heartbeat after 2022-03-21 11:14:16.617790+00:00
[2022-03-21 11:19:26,650] {manager.py:1065} INFO - Finding 'running' jobs without a recent heartbeat
[2022-03-21 11:19:26,652] {manager.py:1069} INFO - Failing jobs without heartbeat after 2022-03-21 11:14:26.652844+00:00
[2022-03-21 11:19:37,662] {manager.py:1065} INFO - Finding 'running' jobs without a recent heartbeat
[2022-03-21 11:19:37,666] {manager.py:1069} INFO - Failing jobs without heartbeat after 2022-03-21 11:14:37.666673+00:00
[2022-03-21 11:19:47,705] {manager.py:1065} INFO - Finding 'running' jobs without a recent heartbeat
[2022-03-21 11:19:47,710] {manager.py:1069} INFO - Failing jobs without heartbeat after 2022-03-21 11:14:47.710250+00:00
[2022-03-21 11:19:57,754] {manager.py:1065} INFO - Finding 'running' jobs without a recent heartbeat
[2022-03-21 11:19:57,758] {manager.py:1069} INFO - Failing jobs without heartbeat after 2022-03-21 11:14:57.758229+00:00
[2022-03-21 11:20:07,767] {manager.py:1065} INFO - Finding 'running' jobs without a recent heartbeat
[2022-03-21 11:20:07,771] {manager.py:1069} INFO - Failing jobs without heartbeat after 2022-03-21 11:15:07.771493+00:00
[2022-03-21 11:20:17,813] {manager.py:1065} INFO - Finding 'running' jobs without a recent heartbeat
[2022-03-21 11:20:17,816] {manager.py:1069} INFO - Failing jobs without heartbeat after 2022-03-21 11:15:17.816097+00:00
[2022-03-21 11:20:27,884] {manager.py:1065} INFO - Finding 'running' jobs without a recent heartbeat
[2022-03-21 11:20:27,886] {manager.py:1069} INFO - Failing jobs without heartbeat after 2022-03-21 11:15:27.886642+00:00
[2022-03-21 11:20:38,899] {manager.py:1065} INFO - Finding 'running' jobs without a recent heartbeat
[2022-03-21 11:20:38,904] {manager.py:1069} INFO - Failing jobs without heartbeat after 2022-03-21 11:15:38.904536+00:00
[2022-03-21 11:20:48,945] {manager.py:1065} INFO - Finding 'running' jobs without a recent heartbeat
[2022-03-21 11:20:48,949] {manager.py:1069} INFO - Failing jobs without heartbeat after 2022-03-21 11:15:48.949286+00:00
[2022-03-21 11:20:58,993] {manager.py:1065} INFO - Finding 'running' jobs without a recent heartbeat
[2022-03-21 11:20:58,996] {manager.py:1069} INFO - Failing jobs without heartbeat after 2022-03-21 11:15:58.996519+00:00
[2022-03-21 11:21:09,007] {manager.py:1065} INFO - Finding 'running' jobs without a recent heartbeat
[2022-03-21 11:21:09,009] {manager.py:1069} INFO - Failing jobs without heartbeat after 2022-03-21 11:16:09.009684+00:00
[2022-03-21 11:21:19,059] {manager.py:1065} INFO - Finding 'running' jobs without a recent heartbeat
[2022-03-21 11:21:19,063] {manager.py:1069} INFO - Failing jobs without heartbeat after 2022-03-21 11:16:19.063326+00:00
[2022-03-21 11:21:29,096] {manager.py:1065} INFO - Finding 'running' jobs without a recent heartbeat
[2022-03-21 11:21:29,100] {manager.py:1069} INFO - Failing jobs without heartbeat after 2022-03-21 11:16:29.100270+00:00
[2022-03-21 11:21:40,106] {manager.py:1065} INFO - Finding 'running' jobs without a recent heartbeat
[2022-03-21 11:21:40,108] {manager.py:1069} INFO - Failing jobs without heartbeat after 2022-03-21 11:16:40.108469+00:00
[2022-03-21 11:21:50,139] {manager.py:1065} INFO - Finding 'running' jobs without a recent heartbeat
[2022-03-21 11:21:50,141] {manager.py:1069} INFO - Failing jobs without heartbeat after 2022-03-21 11:16:50.141722+00:00
[2022-03-21 11:22:00,182] {manager.py:1065} INFO - Finding 'running' jobs without a recent heartbeat
[2022-03-21 11:22:00,185] {manager.py:1069} INFO - Failing jobs without heartbeat after 2022-03-21 11:17:00.185603+00:00
[2022-03-21 11:22:10,202] {manager.py:1065} INFO - Finding 'running' jobs without a recent heartbeat
[2022-03-21 11:22:10,205] {manager.py:1069} INFO - Failing jobs without heartbeat after 2022-03-21 11:17:10.205263+00:00
[2022-03-21 11:22:20,250] {manager.py:1065} INFO - Finding 'running' jobs without a recent heartbeat
[2022-03-21 11:22:20,253] {manager.py:1069} INFO - Failing jobs without heartbeat after 2022-03-21 11:17:20.253890+00:00
[2022-03-21 11:22:30,289] {manager.py:1065} INFO - Finding 'running' jobs without a recent heartbeat
[2022-03-21 11:22:30,292] {manager.py:1069} INFO - Failing jobs without heartbeat after 2022-03-21 11:17:30.292648+00:00
[2022-03-21 11:22:40,305] {manager.py:1065} INFO - Finding 'running' jobs without a recent heartbeat
[2022-03-21 11:22:40,308] {manager.py:1069} INFO - Failing jobs without heartbeat after 2022-03-21 11:17:40.308000+00:00
[2022-03-21 11:22:50,364] {manager.py:1065} INFO - Finding 'running' jobs without a recent heartbeat
[2022-03-21 11:22:50,366] {manager.py:1069} INFO - Failing jobs without heartbeat after 2022-03-21 11:17:50.366378+00:00
[2022-03-21 11:23:00,406] {manager.py:1065} INFO - Finding 'running' jobs without a recent heartbeat
[2022-03-21 11:23:00,410] {manager.py:1069} INFO - Failing jobs without heartbeat after 2022-03-21 11:18:00.410693+00:00
[2022-03-21 11:23:10,422] {manager.py:1065} INFO - Finding 'running' jobs without a recent heartbeat
[2022-03-21 11:23:10,428] {manager.py:1069} INFO - Failing jobs without heartbeat after 2022-03-21 11:18:10.428449+00:00
[2022-03-21 11:23:20,481] {manager.py:1065} INFO - Finding 'running' jobs without a recent heartbeat
[2022-03-21 11:23:20,486] {manager.py:1069} INFO - Failing jobs without heartbeat after 2022-03-21 11:18:20.486043+00:00
[2022-03-21 11:23:30,525] {manager.py:663} INFO - Searching for files in /opt/airflow/dags
[2022-03-21 11:23:30,536] {manager.py:666} INFO - There are 0 files in /opt/airflow/dags
[2022-03-21 11:23:30,581] {manager.py:1065} INFO - Finding 'running' jobs without a recent heartbeat
[2022-03-21 11:23:30,586] {manager.py:1069} INFO - Failing jobs without heartbeat after 2022-03-21 11:18:30.586182+00:00
[2022-03-21 11:23:40,608] {manager.py:1065} INFO - Finding 'running' jobs without a recent heartbeat
[2022-03-21 11:23:40,611] {manager.py:1069} INFO - Failing jobs without heartbeat after 2022-03-21 11:18:40.611222+00:00
[2022-03-21 11:23:50,657] {manager.py:1065} INFO - Finding 'running' jobs without a recent heartbeat
[2022-03-21 11:23:50,659] {manager.py:1069} INFO - Failing jobs without heartbeat after 2022-03-21 11:18:50.659475+00:00
[2022-03-21 11:24:00,698] {manager.py:1065} INFO - Finding 'running' jobs without a recent heartbeat
[2022-03-21 11:24:00,700] {manager.py:1069} INFO - Failing jobs without heartbeat after 2022-03-21 11:19:00.700938+00:00
[2022-03-21 11:24:11,702] {manager.py:1065} INFO - Finding 'running' jobs without a recent heartbeat
[2022-03-21 11:24:11,705] {manager.py:1069} INFO - Failing jobs without heartbeat after 2022-03-21 11:19:11.705309+00:00
[2022-03-21 11:24:21,745] {manager.py:1065} INFO - Finding 'running' jobs without a recent heartbeat
[2022-03-21 11:24:21,747] {manager.py:1069} INFO - Failing jobs without heartbeat after 2022-03-21 11:19:21.747516+00:00
[2022-03-21 11:24:31,791] {manager.py:1065} INFO - Finding 'running' jobs without a recent heartbeat
[2022-03-21 11:24:31,805] {manager.py:1069} INFO - Failing jobs without heartbeat after 2022-03-21 11:19:31.805070+00:00
[2022-03-21 11:24:42,816] {manager.py:1065} INFO - Finding 'running' jobs without a recent heartbeat
[2022-03-21 11:24:42,820] {manager.py:1069} INFO - Failing jobs without heartbeat after 2022-03-21 11:19:42.820079+00:00
[2022-03-21 11:24:52,869] {manager.py:1065} INFO - Finding 'running' jobs without a recent heartbeat
[2022-03-21 11:24:52,875] {manager.py:1069} INFO - Failing jobs without heartbeat after 2022-03-21 11:19:52.875930+00:00
[2022-03-21 11:25:02,918] {manager.py:1065} INFO - Finding 'running' jobs without a recent heartbeat
[2022-03-21 11:25:02,922] {manager.py:1069} INFO - Failing jobs without heartbeat after 2022-03-21 11:20:02.922219+00:00
[2022-03-21 11:25:13,933] {manager.py:1065} INFO - Finding 'running' jobs without a recent heartbeat
[2022-03-21 11:25:13,936] {manager.py:1069} INFO - Failing jobs without heartbeat after 2022-03-21 11:20:13.936109+00:00
[2022-03-21 11:25:23,978] {manager.py:1065} INFO - Finding 'running' jobs without a recent heartbeat
[2022-03-21 11:25:23,981] {manager.py:1069} INFO - Failing jobs without heartbeat after 2022-03-21 11:20:23.981468+00:00
[2022-03-21 11:25:33,991] {manager.py:1065} INFO - Finding 'running' jobs without a recent heartbeat
[2022-03-21 11:25:33,995] {manager.py:1069} INFO - Failing jobs without heartbeat after 2022-03-21 11:20:33.995816+00:00
[2022-03-21 11:25:44,029] {manager.py:1065} INFO - Finding 'running' jobs without a recent heartbeat
[2022-03-21 11:25:44,032] {manager.py:1069} INFO - Failing jobs without heartbeat after 2022-03-21 11:20:44.032484+00:00
[2022-03-21 11:25:54,078] {manager.py:1065} INFO - Finding 'running' jobs without a recent heartbeat
[2022-03-21 11:25:54,081] {manager.py:1069} INFO - Failing jobs without heartbeat after 2022-03-21 11:20:54.081242+00:00
[2022-03-21 11:26:04,094] {manager.py:1065} INFO - Finding 'running' jobs without a recent heartbeat
[2022-03-21 11:26:04,097] {manager.py:1069} INFO - Failing jobs without heartbeat after 2022-03-21 11:21:04.096999+00:00
[2022-03-21 11:26:14,137] {manager.py:1065} INFO - Finding 'running' jobs without a recent heartbeat
[2022-03-21 11:26:14,140] {manager.py:1069} INFO - Failing jobs without heartbeat after 2022-03-21 11:21:14.140528+00:00
[2022-03-21 11:26:24,178] {manager.py:1065} INFO - Finding 'running' jobs without a recent heartbeat
[2022-03-21 11:26:24,181] {manager.py:1069} INFO - Failing jobs without heartbeat after 2022-03-21 11:21:24.181171+00:00
[2022-03-21 11:26:35,187] {manager.py:1065} INFO - Finding 'running' jobs without a recent heartbeat
[2022-03-21 11:26:35,190] {manager.py:1069} INFO - Failing jobs without heartbeat after 2022-03-21 11:21:35.190087+00:00
[2022-03-21 11:26:45,234] {manager.py:1065} INFO - Finding 'running' jobs without a recent heartbeat
[2022-03-21 11:26:45,236] {manager.py:1069} INFO - Failing jobs without heartbeat after 2022-03-21 11:21:45.236183+00:00
[2022-03-21 11:26:55,269] {manager.py:1065} INFO - Finding 'running' jobs without a recent heartbeat
[2022-03-21 11:26:55,272] {manager.py:1069} INFO - Failing jobs without heartbeat after 2022-03-21 11:21:55.272418+00:00
[2022-03-21 11:27:06,283] {manager.py:1065} INFO - Finding 'running' jobs without a recent heartbeat
[2022-03-21 11:27:06,286] {manager.py:1069} INFO - Failing jobs without heartbeat after 2022-03-21 11:22:06.286338+00:00
[2022-03-21 11:27:16,321] {manager.py:1065} INFO - Finding 'running' jobs without a recent heartbeat
[2022-03-21 11:27:16,324] {manager.py:1069} INFO - Failing jobs without heartbeat after 2022-03-21 11:22:16.324756+00:00
[2022-03-21 11:27:26,377] {manager.py:1065} INFO - Finding 'running' jobs without a recent heartbeat
[2022-03-21 11:27:26,381] {manager.py:1069} INFO - Failing jobs without heartbeat after 2022-03-21 11:22:26.381451+00:00
[2022-03-21 11:27:37,381] {manager.py:1065} INFO - Finding 'running' jobs without a recent heartbeat
[2022-03-21 11:27:37,386] {manager.py:1069} INFO - Failing jobs without heartbeat after 2022-03-21 11:22:37.386060+00:00
[2022-03-21 11:27:47,428] {manager.py:1065} INFO - Finding 'running' jobs without a recent heartbeat
[2022-03-21 11:27:47,431] {manager.py:1069} INFO - Failing jobs without heartbeat after 2022-03-21 11:22:47.431369+00:00
[2022-03-21 11:27:57,475] {manager.py:1065} INFO - Finding 'running' jobs without a recent heartbeat
[2022-03-21 11:27:57,478] {manager.py:1069} INFO - Failing jobs without heartbeat after 2022-03-21 11:22:57.478251+00:00
[2022-03-21 11:28:08,484] {manager.py:1065} INFO - Finding 'running' jobs without a recent heartbeat
[2022-03-21 11:28:08,487] {manager.py:1069} INFO - Failing jobs without heartbeat after 2022-03-21 11:23:08.487150+00:00
[2022-03-21 11:28:18,527] {manager.py:1065} INFO - Finding 'running' jobs without a recent heartbeat
[2022-03-21 11:28:18,530] {manager.py:1069} INFO - Failing jobs without heartbeat after 2022-03-21 11:23:18.530413+00:00
[2022-03-21 11:28:28,570] {manager.py:1065} INFO - Finding 'running' jobs without a recent heartbeat
[2022-03-21 11:28:28,573] {manager.py:1069} INFO - Failing jobs without heartbeat after 2022-03-21 11:23:28.573174+00:00
[2022-03-21 11:28:30,595] {manager.py:663} INFO - Searching for files in /opt/airflow/dags
[2022-03-21 11:28:30,604] {manager.py:666} INFO - There are 0 files in /opt/airflow/dags
[2022-03-21 11:28:38,618] {manager.py:1065} INFO - Finding 'running' jobs without a recent heartbeat
[2022-03-21 11:28:38,621] {manager.py:1069} INFO - Failing jobs without heartbeat after 2022-03-21 11:23:38.621148+00:00
[2022-03-21 11:28:48,671] {manager.py:1065} INFO - Finding 'running' jobs without a recent heartbeat
[2022-03-21 11:28:48,674] {manager.py:1069} INFO - Failing jobs without heartbeat after 2022-03-21 11:23:48.674670+00:00
[2022-03-21 11:28:58,711] {manager.py:1065} INFO - Finding 'running' jobs without a recent heartbeat
[2022-03-21 11:28:58,713] {manager.py:1069} INFO - Failing jobs without heartbeat after 2022-03-21 11:23:58.713661+00:00
[2022-03-21 11:29:09,717] {manager.py:1065} INFO - Finding 'running' jobs without a recent heartbeat
[2022-03-21 11:29:09,721] {manager.py:1069} INFO - Failing jobs without heartbeat after 2022-03-21 11:24:09.721475+00:00
[2022-03-21 11:29:19,756] {manager.py:1065} INFO - Finding 'running' jobs without a recent heartbeat
[2022-03-21 11:29:19,760] {manager.py:1069} INFO - Failing jobs without heartbeat after 2022-03-21 11:24:19.760093+00:00
[2022-03-21 11:29:29,793] {manager.py:1065} INFO - Finding 'running' jobs without a recent heartbeat
[2022-03-21 11:29:29,796] {manager.py:1069} INFO - Failing jobs without heartbeat after 2022-03-21 11:24:29.796669+00:00
[2022-03-21 11:29:40,799] {manager.py:1065} INFO - Finding 'running' jobs without a recent heartbeat
[2022-03-21 11:29:40,801] {manager.py:1069} INFO - Failing jobs without heartbeat after 2022-03-21 11:24:40.801935+00:00
[2022-03-21 11:29:50,839] {manager.py:1065} INFO - Finding 'running' jobs without a recent heartbeat
[2022-03-21 11:29:50,844] {manager.py:1069} INFO - Failing jobs without heartbeat after 2022-03-21 11:24:50.844238+00:00
[2022-03-21 11:30:00,872] {manager.py:1065} INFO - Finding 'running' jobs without a recent heartbeat
[2022-03-21 11:30:00,875] {manager.py:1069} INFO - Failing jobs without heartbeat after 2022-03-21 11:25:00.875222+00:00
[2022-03-21 11:30:10,883] {manager.py:1065} INFO - Finding 'running' jobs without a recent heartbeat
[2022-03-21 11:30:10,886] {manager.py:1069} INFO - Failing jobs without heartbeat after 2022-03-21 11:25:10.886839+00:00
[2022-03-21 11:30:20,915] {manager.py:1065} INFO - Finding 'running' jobs without a recent heartbeat
[2022-03-21 11:30:20,917] {manager.py:1069} INFO - Failing jobs without heartbeat after 2022-03-21 11:25:20.917066+00:00
[2022-03-21 11:30:30,950] {manager.py:1065} INFO - Finding 'running' jobs without a recent heartbeat
[2022-03-21 11:30:30,952] {manager.py:1069} INFO - Failing jobs without heartbeat after 2022-03-21 11:25:30.952330+00:00
[2022-03-21 11:30:40,964] {manager.py:1065} INFO - Finding 'running' jobs without a recent heartbeat
[2022-03-21 11:30:40,968] {manager.py:1069} INFO - Failing jobs without heartbeat after 2022-03-21 11:25:40.968136+00:00
[2022-03-21 11:30:51,010] {manager.py:1065} INFO - Finding 'running' jobs without a recent heartbeat
[2022-03-21 11:30:51,012] {manager.py:1069} INFO - Failing jobs without heartbeat after 2022-03-21 11:25:51.012719+00:00
[2022-03-21 11:31:01,047] {manager.py:1065} INFO - Finding 'running' jobs without a recent heartbeat
[2022-03-21 11:31:01,058] {manager.py:1069} INFO - Failing jobs without heartbeat after 2022-03-21 11:26:01.058462+00:00
[2022-03-21 11:31:11,071] {manager.py:1065} INFO - Finding 'running' jobs without a recent heartbeat
[2022-03-21 11:31:11,073] {manager.py:1069} INFO - Failing jobs without heartbeat after 2022-03-21 11:26:11.073551+00:00
[2022-03-21 11:31:21,125] {manager.py:1065} INFO - Finding 'running' jobs without a recent heartbeat
[2022-03-21 11:31:21,130] {manager.py:1069} INFO - Failing jobs without heartbeat after 2022-03-21 11:26:21.130619+00:00
[2022-03-21 11:31:31,169] {manager.py:1065} INFO - Finding 'running' jobs without a recent heartbeat
[2022-03-21 11:31:31,173] {manager.py:1069} INFO - Failing jobs without heartbeat after 2022-03-21 11:26:31.173031+00:00
[2022-03-21 11:31:42,180] {manager.py:1065} INFO - Finding 'running' jobs without a recent heartbeat
[2022-03-21 11:31:42,184] {manager.py:1069} INFO - Failing jobs without heartbeat after 2022-03-21 11:26:42.184589+00:00
[2022-03-21 11:31:52,233] {manager.py:1065} INFO - Finding 'running' jobs without a recent heartbeat
[2022-03-21 11:31:52,235] {manager.py:1069} INFO - Failing jobs without heartbeat after 2022-03-21 11:26:52.235898+00:00
[2022-03-21 11:32:02,272] {manager.py:1065} INFO - Finding 'running' jobs without a recent heartbeat
[2022-03-21 11:32:02,274] {manager.py:1069} INFO - Failing jobs without heartbeat after 2022-03-21 11:27:02.274758+00:00
[2022-03-21 11:32:13,278] {manager.py:1065} INFO - Finding 'running' jobs without a recent heartbeat
[2022-03-21 11:32:13,282] {manager.py:1069} INFO - Failing jobs without heartbeat after 2022-03-21 11:27:13.282516+00:00
[2022-03-21 11:32:23,327] {manager.py:1065} INFO - Finding 'running' jobs without a recent heartbeat
[2022-03-21 11:32:23,331] {manager.py:1069} INFO - Failing jobs without heartbeat after 2022-03-21 11:27:23.330999+00:00
[2022-03-21 11:32:34,342] {manager.py:1065} INFO - Finding 'running' jobs without a recent heartbeat
[2022-03-21 11:32:34,345] {manager.py:1069} INFO - Failing jobs without heartbeat after 2022-03-21 11:27:34.345885+00:00
[2022-03-21 11:32:44,388] {manager.py:1065} INFO - Finding 'running' jobs without a recent heartbeat
[2022-03-21 11:32:44,390] {manager.py:1069} INFO - Failing jobs without heartbeat after 2022-03-21 11:27:44.390755+00:00
[2022-03-21 11:32:54,427] {manager.py:1065} INFO - Finding 'running' jobs without a recent heartbeat
[2022-03-21 11:32:54,430] {manager.py:1069} INFO - Failing jobs without heartbeat after 2022-03-21 11:27:54.430248+00:00
[2022-03-21 11:33:05,435] {manager.py:1065} INFO - Finding 'running' jobs without a recent heartbeat
[2022-03-21 11:33:05,439] {manager.py:1069} INFO - Failing jobs without heartbeat after 2022-03-21 11:28:05.439044+00:00
[2022-03-21 11:33:15,468] {manager.py:1065} INFO - Finding 'running' jobs without a recent heartbeat
[2022-03-21 11:33:15,473] {manager.py:1069} INFO - Failing jobs without heartbeat after 2022-03-21 11:28:15.472964+00:00
[2022-03-21 11:33:25,506] {manager.py:1065} INFO - Finding 'running' jobs without a recent heartbeat
[2022-03-21 11:33:25,508] {manager.py:1069} INFO - Failing jobs without heartbeat after 2022-03-21 11:28:25.508668+00:00
[2022-03-21 11:33:31,530] {manager.py:663} INFO - Searching for files in /opt/airflow/dags
[2022-03-21 11:33:31,534] {manager.py:666} INFO - There are 0 files in /opt/airflow/dags
[2022-03-21 11:33:35,526] {manager.py:1065} INFO - Finding 'running' jobs without a recent heartbeat
[2022-03-21 11:33:35,529] {manager.py:1069} INFO - Failing jobs without heartbeat after 2022-03-21 11:28:35.529395+00:00
[2022-03-21 11:33:45,566] {manager.py:1065} INFO - Finding 'running' jobs without a recent heartbeat
[2022-03-21 11:33:45,569] {manager.py:1069} INFO - Failing jobs without heartbeat after 2022-03-21 11:28:45.569412+00:00
[2022-03-21 11:33:55,610] {manager.py:1065} INFO - Finding 'running' jobs without a recent heartbeat
[2022-03-21 11:33:55,612] {manager.py:1069} INFO - Failing jobs without heartbeat after 2022-03-21 11:28:55.612754+00:00
[2022-03-21 11:34:06,618] {manager.py:1065} INFO - Finding 'running' jobs without a recent heartbeat
[2022-03-21 11:34:06,621] {manager.py:1069} INFO - Failing jobs without heartbeat after 2022-03-21 11:29:06.620978+00:00
[2022-03-21 11:34:16,659] {manager.py:1065} INFO - Finding 'running' jobs without a recent heartbeat
[2022-03-21 11:34:16,662] {manager.py:1069} INFO - Failing jobs without heartbeat after 2022-03-21 11:29:16.662199+00:00
[2022-03-21 11:34:26,702] {manager.py:1065} INFO - Finding 'running' jobs without a recent heartbeat
[2022-03-21 11:34:26,705] {manager.py:1069} INFO - Failing jobs without heartbeat after 2022-03-21 11:29:26.705679+00:00
[2022-03-21 11:34:37,714] {manager.py:1065} INFO - Finding 'running' jobs without a recent heartbeat
[2022-03-21 11:34:37,718] {manager.py:1069} INFO - Failing jobs without heartbeat after 2022-03-21 11:29:37.718065+00:00
[2022-03-21 11:34:47,757] {manager.py:1065} INFO - Finding 'running' jobs without a recent heartbeat
[2022-03-21 11:34:47,760] {manager.py:1069} INFO - Failing jobs without heartbeat after 2022-03-21 11:29:47.760287+00:00
[2022-03-21 11:34:57,806] {manager.py:1065} INFO - Finding 'running' jobs without a recent heartbeat
[2022-03-21 11:34:57,809] {manager.py:1069} INFO - Failing jobs without heartbeat after 2022-03-21 11:29:57.809592+00:00
[2022-03-21 11:35:07,818] {manager.py:1065} INFO - Finding 'running' jobs without a recent heartbeat
[2022-03-21 11:35:07,821] {manager.py:1069} INFO - Failing jobs without heartbeat after 2022-03-21 11:30:07.821639+00:00
[2022-03-21 11:35:17,856] {manager.py:1065} INFO - Finding 'running' jobs without a recent heartbeat
[2022-03-21 11:35:17,860] {manager.py:1069} INFO - Failing jobs without heartbeat after 2022-03-21 11:30:17.860423+00:00
[2022-03-21 11:35:27,908] {manager.py:1065} INFO - Finding 'running' jobs without a recent heartbeat
[2022-03-21 11:35:27,910] {manager.py:1069} INFO - Failing jobs without heartbeat after 2022-03-21 11:30:27.910929+00:00
[2022-03-21 11:35:37,926] {manager.py:1065} INFO - Finding 'running' jobs without a recent heartbeat
[2022-03-21 11:35:37,928] {manager.py:1069} INFO - Failing jobs without heartbeat after 2022-03-21 11:30:37.928740+00:00
[2022-03-21 11:35:47,969] {manager.py:1065} INFO - Finding 'running' jobs without a recent heartbeat
[2022-03-21 11:35:47,972] {manager.py:1069} INFO - Failing jobs without heartbeat after 2022-03-21 11:30:47.972199+00:00
[2022-03-21 11:35:58,011] {manager.py:1065} INFO - Finding 'running' jobs without a recent heartbeat
[2022-03-21 11:35:58,015] {manager.py:1069} INFO - Failing jobs without heartbeat after 2022-03-21 11:30:58.015518+00:00
[2022-03-21 11:36:09,025] {manager.py:1065} INFO - Finding 'running' jobs without a recent heartbeat
[2022-03-21 11:36:09,029] {manager.py:1069} INFO - Failing jobs without heartbeat after 2022-03-21 11:31:09.029022+00:00
[2022-03-21 11:36:19,080] {manager.py:1065} INFO - Finding 'running' jobs without a recent heartbeat
[2022-03-21 11:36:19,082] {manager.py:1069} INFO - Failing jobs without heartbeat after 2022-03-21 11:31:19.082660+00:00
[2022-03-21 11:36:29,134] {manager.py:1065} INFO - Finding 'running' jobs without a recent heartbeat
[2022-03-21 11:36:29,138] {manager.py:1069} INFO - Failing jobs without heartbeat after 2022-03-21 11:31:29.138012+00:00
[2022-03-21 11:36:39,149] {manager.py:1065} INFO - Finding 'running' jobs without a recent heartbeat
[2022-03-21 11:36:39,153] {manager.py:1069} INFO - Failing jobs without heartbeat after 2022-03-21 11:31:39.152982+00:00
[2022-03-21 11:36:49,190] {manager.py:1065} INFO - Finding 'running' jobs without a recent heartbeat
[2022-03-21 11:36:49,193] {manager.py:1069} INFO - Failing jobs without heartbeat after 2022-03-21 11:31:49.193466+00:00
[2022-03-21 11:36:59,247] {manager.py:1065} INFO - Finding 'running' jobs without a recent heartbeat
[2022-03-21 11:36:59,262] {manager.py:1069} INFO - Failing jobs without heartbeat after 2022-03-21 11:31:59.262285+00:00
[2022-03-21 11:37:09,281] {manager.py:1065} INFO - Finding 'running' jobs without a recent heartbeat
[2022-03-21 11:37:09,283] {manager.py:1069} INFO - Failing jobs without heartbeat after 2022-03-21 11:32:09.283876+00:00
[2022-03-21 11:37:19,315] {manager.py:1065} INFO - Finding 'running' jobs without a recent heartbeat
[2022-03-21 11:37:19,317] {manager.py:1069} INFO - Failing jobs without heartbeat after 2022-03-21 11:32:19.317919+00:00
[2022-03-21 11:37:29,355] {manager.py:1065} INFO - Finding 'running' jobs without a recent heartbeat
[2022-03-21 11:37:29,358] {manager.py:1069} INFO - Failing jobs without heartbeat after 2022-03-21 11:32:29.357993+00:00
[2022-03-21 11:37:39,370] {manager.py:1065} INFO - Finding 'running' jobs without a recent heartbeat
[2022-03-21 11:37:39,374] {manager.py:1069} INFO - Failing jobs without heartbeat after 2022-03-21 11:32:39.373972+00:00
[2022-03-21 11:37:49,409] {manager.py:1065} INFO - Finding 'running' jobs without a recent heartbeat
[2022-03-21 11:37:49,412] {manager.py:1069} INFO - Failing jobs without heartbeat after 2022-03-21 11:32:49.412298+00:00
[2022-03-21 11:37:59,454] {manager.py:1065} INFO - Finding 'running' jobs without a recent heartbeat
[2022-03-21 11:37:59,472] {manager.py:1069} INFO - Failing jobs without heartbeat after 2022-03-21 11:32:59.472203+00:00
[2022-03-21 11:38:09,484] {manager.py:1065} INFO - Finding 'running' jobs without a recent heartbeat
[2022-03-21 11:38:09,488] {manager.py:1069} INFO - Failing jobs without heartbeat after 2022-03-21 11:33:09.488422+00:00
[2022-03-21 11:38:19,530] {manager.py:1065} INFO - Finding 'running' jobs without a recent heartbeat
[2022-03-21 11:38:19,532] {manager.py:1069} INFO - Failing jobs without heartbeat after 2022-03-21 11:33:19.532218+00:00
[2022-03-21 11:38:29,571] {manager.py:1065} INFO - Finding 'running' jobs without a recent heartbeat
[2022-03-21 11:38:29,574] {manager.py:1069} INFO - Failing jobs without heartbeat after 2022-03-21 11:33:29.574373+00:00
[2022-03-21 11:38:31,588] {manager.py:663} INFO - Searching for files in /opt/airflow/dags
[2022-03-21 11:38:31,591] {manager.py:666} INFO - There are 0 files in /opt/airflow/dags
[2022-03-21 11:38:39,596] {manager.py:1065} INFO - Finding 'running' jobs without a recent heartbeat
[2022-03-21 11:38:39,599] {manager.py:1069} INFO - Failing jobs without heartbeat after 2022-03-21 11:33:39.599419+00:00
[2022-03-21 11:38:49,645] {manager.py:1065} INFO - Finding 'running' jobs without a recent heartbeat
[2022-03-21 11:38:49,650] {manager.py:1069} INFO - Failing jobs without heartbeat after 2022-03-21 11:33:49.650796+00:00
[2022-03-21 11:38:59,697] {manager.py:1065} INFO - Finding 'running' jobs without a recent heartbeat
[2022-03-21 11:38:59,699] {manager.py:1069} INFO - Failing jobs without heartbeat after 2022-03-21 11:33:59.699658+00:00
[2022-03-21 11:39:09,711] {manager.py:1065} INFO - Finding 'running' jobs without a recent heartbeat
[2022-03-21 11:39:09,713] {manager.py:1069} INFO - Failing jobs without heartbeat after 2022-03-21 11:34:09.713827+00:00
[2022-03-21 11:39:19,744] {manager.py:1065} INFO - Finding 'running' jobs without a recent heartbeat
[2022-03-21 11:39:19,746] {manager.py:1069} INFO - Failing jobs without heartbeat after 2022-03-21 11:34:19.746602+00:00
[2022-03-21 11:39:29,790] {manager.py:1065} INFO - Finding 'running' jobs without a recent heartbeat
[2022-03-21 11:39:29,792] {manager.py:1069} INFO - Failing jobs without heartbeat after 2022-03-21 11:34:29.792714+00:00
[2022-03-21 11:39:40,795] {manager.py:1065} INFO - Finding 'running' jobs without a recent heartbeat
[2022-03-21 11:39:40,799] {manager.py:1069} INFO - Failing jobs without heartbeat after 2022-03-21 11:34:40.799495+00:00
[2022-03-21 11:39:50,838] {manager.py:1065} INFO - Finding 'running' jobs without a recent heartbeat
[2022-03-21 11:39:50,841] {manager.py:1069} INFO - Failing jobs without heartbeat after 2022-03-21 11:34:50.840996+00:00
[2022-03-21 11:40:00,882] {manager.py:1065} INFO - Finding 'running' jobs without a recent heartbeat
[2022-03-21 11:40:00,885] {manager.py:1069} INFO - Failing jobs without heartbeat after 2022-03-21 11:35:00.885732+00:00
[2022-03-21 11:40:10,896] {manager.py:1065} INFO - Finding 'running' jobs without a recent heartbeat
[2022-03-21 11:40:10,900] {manager.py:1069} INFO - Failing jobs without heartbeat after 2022-03-21 11:35:10.900550+00:00
[2022-03-21 11:40:20,935] {manager.py:1065} INFO - Finding 'running' jobs without a recent heartbeat
[2022-03-21 11:40:20,937] {manager.py:1069} INFO - Failing jobs without heartbeat after 2022-03-21 11:35:20.937503+00:00
[2022-03-21 11:40:30,982] {manager.py:1065} INFO - Finding 'running' jobs without a recent heartbeat
[2022-03-21 11:40:30,984] {manager.py:1069} INFO - Failing jobs without heartbeat after 2022-03-21 11:35:30.984495+00:00
[2022-03-21 11:40:40,994] {manager.py:1065} INFO - Finding 'running' jobs without a recent heartbeat
[2022-03-21 11:40:40,998] {manager.py:1069} INFO - Failing jobs without heartbeat after 2022-03-21 11:35:40.998641+00:00
[2022-03-21 11:40:51,040] {manager.py:1065} INFO - Finding 'running' jobs without a recent heartbeat
[2022-03-21 11:40:51,044] {manager.py:1069} INFO - Failing jobs without heartbeat after 2022-03-21 11:35:51.044669+00:00
[2022-03-21 11:41:01,094] {manager.py:1065} INFO - Finding 'running' jobs without a recent heartbeat
[2022-03-21 11:41:01,096] {manager.py:1069} INFO - Failing jobs without heartbeat after 2022-03-21 11:36:01.096289+00:00
[2022-03-21 11:41:12,105] {manager.py:1065} INFO - Finding 'running' jobs without a recent heartbeat
[2022-03-21 11:41:12,108] {manager.py:1069} INFO - Failing jobs without heartbeat after 2022-03-21 11:36:12.108838+00:00
[2022-03-21 11:41:22,147] {manager.py:1065} INFO - Finding 'running' jobs without a recent heartbeat
[2022-03-21 11:41:22,152] {manager.py:1069} INFO - Failing jobs without heartbeat after 2022-03-21 11:36:22.152385+00:00
[2022-03-21 11:41:32,167] {manager.py:1065} INFO - Finding 'running' jobs without a recent heartbeat
[2022-03-21 11:41:32,171] {manager.py:1069} INFO - Failing jobs without heartbeat after 2022-03-21 11:36:32.170924+00:00
[2022-03-21 11:41:42,196] {manager.py:1065} INFO - Finding 'running' jobs without a recent heartbeat
[2022-03-21 11:41:42,199] {manager.py:1069} INFO - Failing jobs without heartbeat after 2022-03-21 11:36:42.199643+00:00
[2022-03-21 11:41:52,240] {manager.py:1065} INFO - Finding 'running' jobs without a recent heartbeat
[2022-03-21 11:41:52,243] {manager.py:1069} INFO - Failing jobs without heartbeat after 2022-03-21 11:36:52.243570+00:00
[2022-03-21 11:42:03,268] {manager.py:1065} INFO - Finding 'running' jobs without a recent heartbeat
[2022-03-21 11:42:03,270] {manager.py:1069} INFO - Failing jobs without heartbeat after 2022-03-21 11:37:03.270655+00:00
[2022-03-21 11:42:13,317] {manager.py:1065} INFO - Finding 'running' jobs without a recent heartbeat
[2022-03-21 11:42:13,320] {manager.py:1069} INFO - Failing jobs without heartbeat after 2022-03-21 11:37:13.320466+00:00
[2022-03-21 11:42:23,360] {manager.py:1065} INFO - Finding 'running' jobs without a recent heartbeat
[2022-03-21 11:42:23,365] {manager.py:1069} INFO - Failing jobs without heartbeat after 2022-03-21 11:37:23.365120+00:00
[2022-03-21 11:42:34,378] {manager.py:1065} INFO - Finding 'running' jobs without a recent heartbeat
[2022-03-21 11:42:34,382] {manager.py:1069} INFO - Failing jobs without heartbeat after 2022-03-21 11:37:34.382003+00:00
[2022-03-21 11:42:44,419] {manager.py:1065} INFO - Finding 'running' jobs without a recent heartbeat
[2022-03-21 11:42:44,422] {manager.py:1069} INFO - Failing jobs without heartbeat after 2022-03-21 11:37:44.422075+00:00
[2022-03-21 11:42:54,468] {manager.py:1065} INFO - Finding 'running' jobs without a recent heartbeat
[2022-03-21 11:42:54,471] {manager.py:1069} INFO - Failing jobs without heartbeat after 2022-03-21 11:37:54.471142+00:00
[2022-03-21 11:43:05,480] {manager.py:1065} INFO - Finding 'running' jobs without a recent heartbeat
[2022-03-21 11:43:05,483] {manager.py:1069} INFO - Failing jobs without heartbeat after 2022-03-21 11:38:05.483187+00:00
[2022-03-21 11:43:15,525] {manager.py:1065} INFO - Finding 'running' jobs without a recent heartbeat
[2022-03-21 11:43:15,528] {manager.py:1069} INFO - Failing jobs without heartbeat after 2022-03-21 11:38:15.528883+00:00
[2022-03-21 11:43:25,564] {manager.py:1065} INFO - Finding 'running' jobs without a recent heartbeat
[2022-03-21 11:43:25,567] {manager.py:1069} INFO - Failing jobs without heartbeat after 2022-03-21 11:38:25.567277+00:00
[2022-03-21 11:43:31,589] {manager.py:663} INFO - Searching for files in /opt/airflow/dags
[2022-03-21 11:43:31,594] {manager.py:666} INFO - There are 0 files in /opt/airflow/dags
[2022-03-21 11:43:35,616] {manager.py:1065} INFO - Finding 'running' jobs without a recent heartbeat
[2022-03-21 11:43:35,618] {manager.py:1069} INFO - Failing jobs without heartbeat after 2022-03-21 11:38:35.618537+00:00
[2022-03-21 11:43:45,669] {manager.py:1065} INFO - Finding 'running' jobs without a recent heartbeat
[2022-03-21 11:43:45,673] {manager.py:1069} INFO - Failing jobs without heartbeat after 2022-03-21 11:38:45.673374+00:00
[2022-03-21 11:43:55,711] {manager.py:1065} INFO - Finding 'running' jobs without a recent heartbeat
[2022-03-21 11:43:55,713] {manager.py:1069} INFO - Failing jobs without heartbeat after 2022-03-21 11:38:55.713549+00:00
[2022-03-21 11:44:05,730] {manager.py:1065} INFO - Finding 'running' jobs without a recent heartbeat
[2022-03-21 11:44:05,732] {manager.py:1069} INFO - Failing jobs without heartbeat after 2022-03-21 11:39:05.732836+00:00
[2022-03-21 11:44:15,769] {manager.py:1065} INFO - Finding 'running' jobs without a recent heartbeat
[2022-03-21 11:44:15,772] {manager.py:1069} INFO - Failing jobs without heartbeat after 2022-03-21 11:39:15.772336+00:00
[2022-03-21 11:44:25,822] {manager.py:1065} INFO - Finding 'running' jobs without a recent heartbeat
[2022-03-21 11:44:25,825] {manager.py:1069} INFO - Failing jobs without heartbeat after 2022-03-21 11:39:25.825267+00:00
[2022-03-21 11:44:36,832] {manager.py:1065} INFO - Finding 'running' jobs without a recent heartbeat
[2022-03-21 11:44:36,836] {manager.py:1069} INFO - Failing jobs without heartbeat after 2022-03-21 11:39:36.835945+00:00
[2022-03-21 11:44:46,872] {manager.py:1065} INFO - Finding 'running' jobs without a recent heartbeat
[2022-03-21 11:44:46,875] {manager.py:1069} INFO - Failing jobs without heartbeat after 2022-03-21 11:39:46.875378+00:00
[2022-03-21 11:44:56,924] {manager.py:1065} INFO - Finding 'running' jobs without a recent heartbeat
[2022-03-21 11:44:56,929] {manager.py:1069} INFO - Failing jobs without heartbeat after 2022-03-21 11:39:56.929050+00:00
[2022-03-21 11:45:06,940] {manager.py:1065} INFO - Finding 'running' jobs without a recent heartbeat
[2022-03-21 11:45:06,944] {manager.py:1069} INFO - Failing jobs without heartbeat after 2022-03-21 11:40:06.944293+00:00
[2022-03-21 11:45:16,994] {manager.py:1065} INFO - Finding 'running' jobs without a recent heartbeat
[2022-03-21 11:45:16,997] {manager.py:1069} INFO - Failing jobs without heartbeat after 2022-03-21 11:40:16.997468+00:00
[2022-03-21 11:45:27,035] {manager.py:1065} INFO - Finding 'running' jobs without a recent heartbeat
[2022-03-21 11:45:27,042] {manager.py:1069} INFO - Failing jobs without heartbeat after 2022-03-21 11:40:27.042813+00:00
[2022-03-21 11:45:38,052] {manager.py:1065} INFO - Finding 'running' jobs without a recent heartbeat
[2022-03-21 11:45:38,057] {manager.py:1069} INFO - Failing jobs without heartbeat after 2022-03-21 11:40:38.057867+00:00
[2022-03-21 11:45:48,105] {manager.py:1065} INFO - Finding 'running' jobs without a recent heartbeat
[2022-03-21 11:45:48,108] {manager.py:1069} INFO - Failing jobs without heartbeat after 2022-03-21 11:40:48.108388+00:00
[2022-03-21 11:45:58,143] {manager.py:1065} INFO - Finding 'running' jobs without a recent heartbeat
[2022-03-21 11:45:58,146] {manager.py:1069} INFO - Failing jobs without heartbeat after 2022-03-21 11:40:58.146292+00:00
[2022-03-21 11:46:09,157] {manager.py:1065} INFO - Finding 'running' jobs without a recent heartbeat
[2022-03-21 11:46:09,161] {manager.py:1069} INFO - Failing jobs without heartbeat after 2022-03-21 11:41:09.161185+00:00
[2022-03-21 11:46:19,200] {manager.py:1065} INFO - Finding 'running' jobs without a recent heartbeat
[2022-03-21 11:46:19,203] {manager.py:1069} INFO - Failing jobs without heartbeat after 2022-03-21 11:41:19.203255+00:00
[2022-03-21 11:46:29,239] {manager.py:1065} INFO - Finding 'running' jobs without a recent heartbeat
[2022-03-21 11:46:29,242] {manager.py:1069} INFO - Failing jobs without heartbeat after 2022-03-21 11:41:29.242572+00:00
[2022-03-21 11:46:40,251] {manager.py:1065} INFO - Finding 'running' jobs without a recent heartbeat
[2022-03-21 11:46:40,254] {manager.py:1069} INFO - Failing jobs without heartbeat after 2022-03-21 11:41:40.254233+00:00
[2022-03-21 11:46:50,313] {manager.py:1065} INFO - Finding 'running' jobs without a recent heartbeat
[2022-03-21 11:46:50,315] {manager.py:1069} INFO - Failing jobs without heartbeat after 2022-03-21 11:41:50.315706+00:00
[2022-03-21 11:47:00,682] {manager.py:1065} INFO - Finding 'running' jobs without a recent heartbeat
[2022-03-21 11:47:00,685] {manager.py:1069} INFO - Failing jobs without heartbeat after 2022-03-21 11:42:00.685875+00:00
[2022-03-21 11:49:55,355] {manager.py:663} INFO - Searching for files in /opt/airflow/dags
[2022-03-21 11:49:55,360] {manager.py:666} INFO - There are 0 files in /opt/airflow/dags
[2022-03-21 11:49:55,387] {manager.py:1065} INFO - Finding 'running' jobs without a recent heartbeat
[2022-03-21 11:49:55,392] {manager.py:1069} INFO - Failing jobs without heartbeat after 2022-03-21 11:44:55.392523+00:00
[2022-03-21 11:50:05,500] {manager.py:1065} INFO - Finding 'running' jobs without a recent heartbeat
[2022-03-21 11:50:05,503] {manager.py:1069} INFO - Failing jobs without heartbeat after 2022-03-21 11:45:05.503597+00:00
[2022-03-21 11:50:15,542] {manager.py:1065} INFO - Finding 'running' jobs without a recent heartbeat
[2022-03-21 11:50:15,544] {manager.py:1069} INFO - Failing jobs without heartbeat after 2022-03-21 11:45:15.544912+00:00
[2022-03-21 11:50:25,581] {manager.py:1065} INFO - Finding 'running' jobs without a recent heartbeat
[2022-03-21 11:50:25,587] {manager.py:1069} INFO - Failing jobs without heartbeat after 2022-03-21 11:45:25.587663+00:00
[2022-03-21 11:50:35,652] {manager.py:1065} INFO - Finding 'running' jobs without a recent heartbeat
[2022-03-21 11:50:35,657] {manager.py:1069} INFO - Failing jobs without heartbeat after 2022-03-21 11:45:35.656873+00:00
[2022-03-21 11:50:45,716] {manager.py:1065} INFO - Finding 'running' jobs without a recent heartbeat
[2022-03-21 11:50:45,719] {manager.py:1069} INFO - Failing jobs without heartbeat after 2022-03-21 11:45:45.719490+00:00
[2022-03-21 11:50:55,734] {manager.py:1065} INFO - Finding 'running' jobs without a recent heartbeat
[2022-03-21 11:50:55,736] {manager.py:1069} INFO - Failing jobs without heartbeat after 2022-03-21 11:45:55.736823+00:00
[2022-03-21 11:51:05,773] {manager.py:1065} INFO - Finding 'running' jobs without a recent heartbeat
[2022-03-21 11:51:05,775] {manager.py:1069} INFO - Failing jobs without heartbeat after 2022-03-21 11:46:05.775419+00:00
[2022-03-21 11:51:15,818] {manager.py:1065} INFO - Finding 'running' jobs without a recent heartbeat
[2022-03-21 11:51:15,820] {manager.py:1069} INFO - Failing jobs without heartbeat after 2022-03-21 11:46:15.820938+00:00
[2022-03-21 11:51:26,828] {manager.py:1065} INFO - Finding 'running' jobs without a recent heartbeat
[2022-03-21 11:51:26,831] {manager.py:1069} INFO - Failing jobs without heartbeat after 2022-03-21 11:46:26.831458+00:00
[2022-03-21 11:51:36,868] {manager.py:1065} INFO - Finding 'running' jobs without a recent heartbeat
[2022-03-21 11:51:36,870] {manager.py:1069} INFO - Failing jobs without heartbeat after 2022-03-21 11:46:36.870849+00:00
[2022-03-21 11:51:46,911] {manager.py:1065} INFO - Finding 'running' jobs without a recent heartbeat
[2022-03-21 11:51:46,915] {manager.py:1069} INFO - Failing jobs without heartbeat after 2022-03-21 11:46:46.915460+00:00
[2022-03-21 11:51:57,922] {manager.py:1065} INFO - Finding 'running' jobs without a recent heartbeat
[2022-03-21 11:51:57,926] {manager.py:1069} INFO - Failing jobs without heartbeat after 2022-03-21 11:46:57.926175+00:00
[2022-03-21 11:52:07,962] {manager.py:1065} INFO - Finding 'running' jobs without a recent heartbeat
[2022-03-21 11:52:07,964] {manager.py:1069} INFO - Failing jobs without heartbeat after 2022-03-21 11:47:07.963982+00:00
[2022-03-21 11:52:17,999] {manager.py:1065} INFO - Finding 'running' jobs without a recent heartbeat
[2022-03-21 11:52:18,001] {manager.py:1069} INFO - Failing jobs without heartbeat after 2022-03-21 11:47:18.001852+00:00
[2022-03-21 11:52:29,011] {manager.py:1065} INFO - Finding 'running' jobs without a recent heartbeat
[2022-03-21 11:52:29,014] {manager.py:1069} INFO - Failing jobs without heartbeat after 2022-03-21 11:47:29.014467+00:00
[2022-03-21 11:52:39,048] {manager.py:1065} INFO - Finding 'running' jobs without a recent heartbeat
[2022-03-21 11:52:39,051] {manager.py:1069} INFO - Failing jobs without heartbeat after 2022-03-21 11:47:39.051067+00:00
[2022-03-21 11:52:49,083] {manager.py:1065} INFO - Finding 'running' jobs without a recent heartbeat
[2022-03-21 11:52:49,086] {manager.py:1069} INFO - Failing jobs without heartbeat after 2022-03-21 11:47:49.086029+00:00
[2022-03-21 11:52:59,101] {manager.py:1065} INFO - Finding 'running' jobs without a recent heartbeat
[2022-03-21 11:52:59,106] {manager.py:1069} INFO - Failing jobs without heartbeat after 2022-03-21 11:47:59.105899+00:00
[2022-03-21 11:53:09,152] {manager.py:1065} INFO - Finding 'running' jobs without a recent heartbeat
[2022-03-21 11:53:09,155] {manager.py:1069} INFO - Failing jobs without heartbeat after 2022-03-21 11:48:09.155878+00:00
[2022-03-21 11:53:19,198] {manager.py:1065} INFO - Finding 'running' jobs without a recent heartbeat
[2022-03-21 11:53:19,202] {manager.py:1069} INFO - Failing jobs without heartbeat after 2022-03-21 11:48:19.202370+00:00
[2022-03-21 11:53:29,213] {manager.py:1065} INFO - Finding 'running' jobs without a recent heartbeat
[2022-03-21 11:53:29,215] {manager.py:1069} INFO - Failing jobs without heartbeat after 2022-03-21 11:48:29.215416+00:00
[2022-03-21 11:53:39,244] {manager.py:1065} INFO - Finding 'running' jobs without a recent heartbeat
[2022-03-21 11:53:39,248] {manager.py:1069} INFO - Failing jobs without heartbeat after 2022-03-21 11:48:39.248201+00:00
[2022-03-21 11:53:49,294] {manager.py:1065} INFO - Finding 'running' jobs without a recent heartbeat
[2022-03-21 11:53:49,313] {manager.py:1069} INFO - Failing jobs without heartbeat after 2022-03-21 11:48:49.313457+00:00
[2022-03-21 11:54:00,322] {manager.py:1065} INFO - Finding 'running' jobs without a recent heartbeat
[2022-03-21 11:54:00,324] {manager.py:1069} INFO - Failing jobs without heartbeat after 2022-03-21 11:49:00.324864+00:00
[2022-03-21 11:54:10,365] {manager.py:1065} INFO - Finding 'running' jobs without a recent heartbeat
[2022-03-21 11:54:10,368] {manager.py:1069} INFO - Failing jobs without heartbeat after 2022-03-21 11:49:10.368402+00:00
[2022-03-21 11:54:20,415] {manager.py:1065} INFO - Finding 'running' jobs without a recent heartbeat
[2022-03-21 11:54:20,417] {manager.py:1069} INFO - Failing jobs without heartbeat after 2022-03-21 11:49:20.417638+00:00
[2022-03-21 11:54:31,425] {manager.py:1065} INFO - Finding 'running' jobs without a recent heartbeat
[2022-03-21 11:54:31,435] {manager.py:1069} INFO - Failing jobs without heartbeat after 2022-03-21 11:49:31.435433+00:00
[2022-03-21 11:54:41,481] {manager.py:1065} INFO - Finding 'running' jobs without a recent heartbeat
[2022-03-21 11:54:41,484] {manager.py:1069} INFO - Failing jobs without heartbeat after 2022-03-21 11:49:41.484077+00:00
[2022-03-21 11:54:51,524] {manager.py:1065} INFO - Finding 'running' jobs without a recent heartbeat
[2022-03-21 11:54:51,526] {manager.py:1069} INFO - Failing jobs without heartbeat after 2022-03-21 11:49:51.526750+00:00
[2022-03-21 11:54:55,519] {manager.py:663} INFO - Searching for files in /opt/airflow/dags
[2022-03-21 11:54:55,524] {manager.py:666} INFO - There are 0 files in /opt/airflow/dags
[2022-03-21 11:55:01,556] {manager.py:1065} INFO - Finding 'running' jobs without a recent heartbeat
[2022-03-21 11:55:01,558] {manager.py:1069} INFO - Failing jobs without heartbeat after 2022-03-21 11:50:01.558909+00:00
[2022-03-21 11:55:11,597] {manager.py:1065} INFO - Finding 'running' jobs without a recent heartbeat
[2022-03-21 11:55:11,599] {manager.py:1069} INFO - Failing jobs without heartbeat after 2022-03-21 11:50:11.599301+00:00
[2022-03-21 11:55:21,635] {manager.py:1065} INFO - Finding 'running' jobs without a recent heartbeat
[2022-03-21 11:55:21,638] {manager.py:1069} INFO - Failing jobs without heartbeat after 2022-03-21 11:50:21.638717+00:00
[2022-03-21 11:55:32,648] {manager.py:1065} INFO - Finding 'running' jobs without a recent heartbeat
[2022-03-21 11:55:32,651] {manager.py:1069} INFO - Failing jobs without heartbeat after 2022-03-21 11:50:32.651756+00:00
[2022-03-21 11:55:42,703] {manager.py:1065} INFO - Finding 'running' jobs without a recent heartbeat
[2022-03-21 11:55:42,706] {manager.py:1069} INFO - Failing jobs without heartbeat after 2022-03-21 11:50:42.706873+00:00
[2022-03-21 11:55:52,747] {manager.py:1065} INFO - Finding 'running' jobs without a recent heartbeat
[2022-03-21 11:55:52,750] {manager.py:1069} INFO - Failing jobs without heartbeat after 2022-03-21 11:50:52.750884+00:00
[2022-03-21 11:55:55,352] {manager.py:495} INFO - Exiting gracefully upon receiving signal 15
[2022-03-21 11:57:40,454] {manager.py:514} INFO - Processing files using up to 2 processes at a time 
[2022-03-21 11:57:40,456] {manager.py:515} INFO - Process each file at most once every 30 seconds
[2022-03-21 11:57:40,457] {manager.py:516} INFO - Checking for new files in /opt/airflow/dags every 300 seconds
[2022-03-21 11:57:40,459] {manager.py:663} INFO - Searching for files in /opt/airflow/dags
[2022-03-21 11:57:40,462] {manager.py:666} INFO - There are 0 files in /opt/airflow/dags
[2022-03-21 11:57:40,494] {manager.py:1065} INFO - Finding 'running' jobs without a recent heartbeat
[2022-03-21 11:57:40,496] {manager.py:1069} INFO - Failing jobs without heartbeat after 2022-03-21 11:52:40.496662+00:00
[2022-03-21 11:57:50,538] {manager.py:1065} INFO - Finding 'running' jobs without a recent heartbeat
[2022-03-21 11:57:50,542] {manager.py:1069} INFO - Failing jobs without heartbeat after 2022-03-21 11:52:50.542894+00:00
[2022-03-21 11:58:01,514] {manager.py:1065} INFO - Finding 'running' jobs without a recent heartbeat
[2022-03-21 11:58:01,519] {manager.py:1069} INFO - Failing jobs without heartbeat after 2022-03-21 11:53:01.519476+00:00
[2022-03-21 11:58:11,555] {manager.py:1065} INFO - Finding 'running' jobs without a recent heartbeat
[2022-03-21 11:58:11,558] {manager.py:1069} INFO - Failing jobs without heartbeat after 2022-03-21 11:53:11.558285+00:00
[2022-03-21 11:58:21,596] {manager.py:1065} INFO - Finding 'running' jobs without a recent heartbeat
[2022-03-21 11:58:21,599] {manager.py:1069} INFO - Failing jobs without heartbeat after 2022-03-21 11:53:21.599027+00:00
[2022-03-21 11:58:32,599] {manager.py:1065} INFO - Finding 'running' jobs without a recent heartbeat
[2022-03-21 11:58:32,603] {manager.py:1069} INFO - Failing jobs without heartbeat after 2022-03-21 11:53:32.603421+00:00
[2022-03-21 11:58:42,633] {manager.py:1065} INFO - Finding 'running' jobs without a recent heartbeat
[2022-03-21 11:58:42,637] {manager.py:1069} INFO - Failing jobs without heartbeat after 2022-03-21 11:53:42.637292+00:00
[2022-03-21 11:58:52,677] {manager.py:1065} INFO - Finding 'running' jobs without a recent heartbeat
[2022-03-21 11:58:52,679] {manager.py:1069} INFO - Failing jobs without heartbeat after 2022-03-21 11:53:52.679309+00:00
[2022-03-21 11:59:03,684] {manager.py:1065} INFO - Finding 'running' jobs without a recent heartbeat
[2022-03-21 11:59:03,689] {manager.py:1069} INFO - Failing jobs without heartbeat after 2022-03-21 11:54:03.689130+00:00
[2022-03-21 11:59:13,720] {manager.py:1065} INFO - Finding 'running' jobs without a recent heartbeat
[2022-03-21 11:59:13,724] {manager.py:1069} INFO - Failing jobs without heartbeat after 2022-03-21 11:54:13.724360+00:00
[2022-03-21 11:59:23,762] {manager.py:1065} INFO - Finding 'running' jobs without a recent heartbeat
[2022-03-21 11:59:23,765] {manager.py:1069} INFO - Failing jobs without heartbeat after 2022-03-21 11:54:23.765172+00:00
[2022-03-21 11:59:34,769] {manager.py:1065} INFO - Finding 'running' jobs without a recent heartbeat
[2022-03-21 11:59:34,771] {manager.py:1069} INFO - Failing jobs without heartbeat after 2022-03-21 11:54:34.771480+00:00
[2022-03-21 11:59:44,816] {manager.py:1065} INFO - Finding 'running' jobs without a recent heartbeat
[2022-03-21 11:59:44,820] {manager.py:1069} INFO - Failing jobs without heartbeat after 2022-03-21 11:54:44.820378+00:00
[2022-03-21 11:59:55,830] {manager.py:1065} INFO - Finding 'running' jobs without a recent heartbeat
[2022-03-21 11:59:55,832] {manager.py:1069} INFO - Failing jobs without heartbeat after 2022-03-21 11:54:55.832724+00:00
[2022-03-21 12:00:05,873] {manager.py:1065} INFO - Finding 'running' jobs without a recent heartbeat
[2022-03-21 12:00:05,879] {manager.py:1069} INFO - Failing jobs without heartbeat after 2022-03-21 11:55:05.879531+00:00
[2022-03-21 12:00:15,925] {manager.py:1065} INFO - Finding 'running' jobs without a recent heartbeat
[2022-03-21 12:00:15,930] {manager.py:1069} INFO - Failing jobs without heartbeat after 2022-03-21 11:55:15.929943+00:00
[2022-03-21 12:00:26,949] {manager.py:1065} INFO - Finding 'running' jobs without a recent heartbeat
[2022-03-21 12:00:26,952] {manager.py:1069} INFO - Failing jobs without heartbeat after 2022-03-21 11:55:26.952934+00:00
[2022-03-21 12:00:36,989] {manager.py:1065} INFO - Finding 'running' jobs without a recent heartbeat
[2022-03-21 12:00:36,992] {manager.py:1069} INFO - Failing jobs without heartbeat after 2022-03-21 11:55:36.992295+00:00
[2022-03-21 12:00:47,028] {manager.py:1065} INFO - Finding 'running' jobs without a recent heartbeat
[2022-03-21 12:00:47,030] {manager.py:1069} INFO - Failing jobs without heartbeat after 2022-03-21 11:55:47.030845+00:00
[2022-03-21 12:00:57,051] {manager.py:1065} INFO - Finding 'running' jobs without a recent heartbeat
[2022-03-21 12:00:57,054] {manager.py:1069} INFO - Failing jobs without heartbeat after 2022-03-21 11:55:57.054921+00:00
[2022-03-21 12:01:07,083] {manager.py:1065} INFO - Finding 'running' jobs without a recent heartbeat
[2022-03-21 12:01:07,086] {manager.py:1069} INFO - Failing jobs without heartbeat after 2022-03-21 11:56:07.086601+00:00
[2022-03-21 12:01:17,128] {manager.py:1065} INFO - Finding 'running' jobs without a recent heartbeat
[2022-03-21 12:01:17,131] {manager.py:1069} INFO - Failing jobs without heartbeat after 2022-03-21 11:56:17.131424+00:00
[2022-03-21 12:01:27,138] {manager.py:1065} INFO - Finding 'running' jobs without a recent heartbeat
[2022-03-21 12:01:27,141] {manager.py:1069} INFO - Failing jobs without heartbeat after 2022-03-21 11:56:27.141356+00:00
[2022-03-21 12:01:37,169] {manager.py:1065} INFO - Finding 'running' jobs without a recent heartbeat
[2022-03-21 12:01:37,173] {manager.py:1069} INFO - Failing jobs without heartbeat after 2022-03-21 11:56:37.173753+00:00
[2022-03-21 12:01:47,215] {manager.py:1065} INFO - Finding 'running' jobs without a recent heartbeat
[2022-03-21 12:01:47,218] {manager.py:1069} INFO - Failing jobs without heartbeat after 2022-03-21 11:56:47.218197+00:00
[2022-03-21 12:01:58,222] {manager.py:1065} INFO - Finding 'running' jobs without a recent heartbeat
[2022-03-21 12:01:58,224] {manager.py:1069} INFO - Failing jobs without heartbeat after 2022-03-21 11:56:58.224863+00:00
[2022-03-21 12:02:08,265] {manager.py:1065} INFO - Finding 'running' jobs without a recent heartbeat
[2022-03-21 12:02:08,268] {manager.py:1069} INFO - Failing jobs without heartbeat after 2022-03-21 11:57:08.268110+00:00
[2022-03-21 12:02:18,310] {manager.py:1065} INFO - Finding 'running' jobs without a recent heartbeat
[2022-03-21 12:02:18,313] {manager.py:1069} INFO - Failing jobs without heartbeat after 2022-03-21 11:57:18.313766+00:00
[2022-03-21 12:02:29,324] {manager.py:1065} INFO - Finding 'running' jobs without a recent heartbeat
[2022-03-21 12:02:29,328] {manager.py:1069} INFO - Failing jobs without heartbeat after 2022-03-21 11:57:29.328349+00:00
[2022-03-21 12:02:39,375] {manager.py:1065} INFO - Finding 'running' jobs without a recent heartbeat
[2022-03-21 12:02:39,378] {manager.py:1069} INFO - Failing jobs without heartbeat after 2022-03-21 11:57:39.378084+00:00
[2022-03-21 12:02:41,392] {manager.py:663} INFO - Searching for files in /opt/airflow/dags
[2022-03-21 12:02:41,395] {manager.py:666} INFO - There are 0 files in /opt/airflow/dags
[2022-03-21 12:02:49,450] {manager.py:1065} INFO - Finding 'running' jobs without a recent heartbeat
[2022-03-21 12:02:49,454] {manager.py:1069} INFO - Failing jobs without heartbeat after 2022-03-21 11:57:49.454612+00:00
[2022-03-21 12:03:00,464] {manager.py:1065} INFO - Finding 'running' jobs without a recent heartbeat
[2022-03-21 12:03:00,470] {manager.py:1069} INFO - Failing jobs without heartbeat after 2022-03-21 11:58:00.470311+00:00
[2022-03-21 12:03:10,507] {manager.py:1065} INFO - Finding 'running' jobs without a recent heartbeat
[2022-03-21 12:03:10,511] {manager.py:1069} INFO - Failing jobs without heartbeat after 2022-03-21 11:58:10.511152+00:00
[2022-03-21 12:03:20,546] {manager.py:1065} INFO - Finding 'running' jobs without a recent heartbeat
[2022-03-21 12:03:20,548] {manager.py:1069} INFO - Failing jobs without heartbeat after 2022-03-21 11:58:20.548893+00:00
[2022-03-21 12:03:31,553] {manager.py:1065} INFO - Finding 'running' jobs without a recent heartbeat
[2022-03-21 12:03:31,556] {manager.py:1069} INFO - Failing jobs without heartbeat after 2022-03-21 11:58:31.556059+00:00
[2022-03-21 12:03:41,595] {manager.py:1065} INFO - Finding 'running' jobs without a recent heartbeat
[2022-03-21 12:03:41,599] {manager.py:1069} INFO - Failing jobs without heartbeat after 2022-03-21 11:58:41.599460+00:00
[2022-03-21 12:03:51,649] {manager.py:1065} INFO - Finding 'running' jobs without a recent heartbeat
[2022-03-21 12:03:51,651] {manager.py:1069} INFO - Failing jobs without heartbeat after 2022-03-21 11:58:51.651204+00:00
[2022-03-21 12:04:02,654] {manager.py:1065} INFO - Finding 'running' jobs without a recent heartbeat
[2022-03-21 12:04:02,656] {manager.py:1069} INFO - Failing jobs without heartbeat after 2022-03-21 11:59:02.656937+00:00
[2022-03-21 12:04:12,697] {manager.py:1065} INFO - Finding 'running' jobs without a recent heartbeat
[2022-03-21 12:04:12,701] {manager.py:1069} INFO - Failing jobs without heartbeat after 2022-03-21 11:59:12.701080+00:00
[2022-03-21 12:04:22,735] {manager.py:1065} INFO - Finding 'running' jobs without a recent heartbeat
[2022-03-21 12:04:22,739] {manager.py:1069} INFO - Failing jobs without heartbeat after 2022-03-21 11:59:22.739075+00:00
[2022-03-21 12:04:32,354] {manager.py:495} INFO - Exiting gracefully upon receiving signal 15
